2024-12-28 12:11:27,680 - INFO - Iniciando o processo para a UF: PE
2024-12-28 12:11:28,053 - INFO - Driver configurado.
2024-12-28 12:11:28,053 - INFO - Baixando Teto MAC do PE...
2024-12-28 12:11:33,050 - INFO - Aguardando o campo de filtro de UF estar presente...
2024-12-28 12:11:33,227 - INFO - UF PE inserida no campo de filtro.
2024-12-28 12:11:36,227 - INFO - Aguardando o dropdown de seleção de quantidade de registros...
2024-12-28 12:11:36,471 - INFO - Maior opção do dropdown selecionada.
2024-12-28 12:11:41,472 - INFO - Aguardando a tabela estar presente...
2024-12-28 12:11:41,521 - INFO - Tabela encontrada.
2024-12-28 12:11:41,555 - INFO - 187 linhas encontradas na tabela.
2024-12-28 12:11:41,556 - INFO - Cabeçalhos ajustados para corresponder aos dados desejados.
2024-12-28 12:11:41,556 - INFO - Extraindo dados da tabela...
2024-12-28 12:11:41,556 - INFO - Aguardando carregamento das linhas da tabela...
2024-12-28 12:11:41,606 - INFO - 187 linhas encontradas na tabela.
2024-12-28 12:11:52,577 - INFO - Dados da tabela extraídos.
2024-12-28 12:11:52,577 - INFO - Salvando dados no arquivo JSON...
2024-12-28 12:11:52,594 - INFO - Dados salvos no arquivo MAC_UF.json.
2024-12-28 12:11:52,673 - INFO - Driver encerrado.
2024-12-28 18:50:06,479 - INFO - Iniciando o processo para a UF: ES
2024-12-28 18:50:06,836 - INFO - Driver configurado.
2024-12-28 18:50:06,836 - INFO - Baixando Teto MAC do ES...
2024-12-28 18:50:11,076 - INFO - Aguardando o campo de filtro de UF estar presente...
2024-12-28 18:50:11,221 - INFO - UF ES inserida no campo de filtro.
2024-12-28 18:50:14,221 - INFO - Aguardando o dropdown de seleção de quantidade de registros...
2024-12-28 18:50:14,350 - INFO - Maior opção do dropdown selecionada.
2024-12-28 18:50:19,351 - INFO - Aguardando a tabela estar presente...
2024-12-28 18:50:19,368 - INFO - Tabela encontrada.
2024-12-28 18:50:19,390 - INFO - 80 linhas encontradas na tabela.
2024-12-28 18:50:19,390 - INFO - Cabeçalhos ajustados para corresponder aos dados desejados.
2024-12-28 18:50:19,391 - INFO - Extraindo dados da tabela...
2024-12-28 18:50:19,391 - INFO - Aguardando carregamento das linhas da tabela...
2024-12-28 18:50:19,420 - INFO - 80 linhas encontradas na tabela.
2024-12-28 18:50:24,226 - INFO - Dados da tabela extraídos.
2024-12-28 18:50:24,226 - INFO - Salvando dados no arquivo JSON...
2024-12-28 18:50:24,233 - INFO - Dados salvos no arquivo MAC_UF.json.
2024-12-28 18:50:24,314 - INFO - Driver encerrado.
2024-12-28 20:16:18,253 - INFO - Iniciando o processo para a UF: ES
2024-12-28 20:16:18,616 - INFO - Driver configurado.
2024-12-28 20:16:18,616 - INFO - Baixando Teto MAC do ES...
2024-12-28 20:16:23,575 - INFO - Aguardando o campo de filtro de UF estar presente...
2024-12-28 20:16:23,721 - INFO - UF ES inserida no campo de filtro.
2024-12-28 20:16:26,721 - INFO - Aguardando o dropdown de seleção de quantidade de registros...
2024-12-28 20:16:26,811 - INFO - Maior opção do dropdown selecionada.
2024-12-28 20:16:31,811 - INFO - Aguardando a tabela estar presente...
2024-12-28 20:16:31,828 - INFO - Tabela encontrada.
2024-12-28 20:16:31,847 - INFO - 80 linhas encontradas na tabela.
2024-12-28 20:16:31,848 - INFO - Cabeçalhos ajustados para corresponder aos dados desejados.
2024-12-28 20:16:31,848 - INFO - Extraindo dados da tabela...
2024-12-28 20:16:31,848 - INFO - Aguardando carregamento das linhas da tabela...
2024-12-28 20:16:31,877 - INFO - 80 linhas encontradas na tabela.
2024-12-28 20:16:36,604 - INFO - Dados da tabela extraídos.
2024-12-28 20:16:36,605 - INFO - Salvando dados no arquivo JSON...
2024-12-28 20:16:36,613 - INFO - Dados salvos no arquivo MAC_UF.json.
2024-12-28 20:16:36,706 - INFO - Driver encerrado.
2024-12-28 20:35:20,771 - INFO - Iniciando o processo para a UF: BA
2024-12-28 20:35:21,135 - INFO - Driver configurado.
2024-12-28 20:35:21,135 - INFO - Baixando Teto MAC do BA...
2024-12-28 20:35:24,878 - INFO - Aguardando o campo de filtro de UF estar presente...
2024-12-28 20:35:25,003 - INFO - UF BA inserida no campo de filtro.
2024-12-28 20:35:28,003 - INFO - Aguardando o dropdown de seleção de quantidade de registros...
2024-12-28 20:35:28,086 - INFO - Maior opção do dropdown selecionada.
2024-12-28 20:35:33,087 - INFO - Aguardando a tabela estar presente...
2024-12-28 20:35:33,103 - INFO - Tabela encontrada.
2024-12-28 20:35:33,153 - INFO - 419 linhas encontradas na tabela.
2024-12-28 20:35:33,153 - INFO - Cabeçalhos ajustados para corresponder aos dados desejados.
2024-12-28 20:35:33,154 - INFO - Extraindo dados da tabela...
2024-12-28 20:35:33,154 - INFO - Aguardando carregamento das linhas da tabela...
2024-12-28 20:35:33,225 - INFO - 419 linhas encontradas na tabela.
2024-12-28 20:35:57,981 - INFO - Dados da tabela extraídos.
2024-12-28 20:35:57,981 - INFO - Salvando dados no arquivo JSON...
2024-12-28 20:35:58,017 - INFO - Dados salvos no arquivo MAC_UF.json.
2024-12-28 20:35:58,089 - INFO - Driver encerrado.
2024-12-28 20:44:31,590 - INFO - Iniciando o processo para a UF: AC
2024-12-28 20:44:31,968 - INFO - Driver configurado.
2024-12-28 20:44:31,968 - INFO - Baixando Teto MAC do AC...
2024-12-28 20:44:34,079 - WARNING - Retrying (Retry(total=2, connect=None, read=None, redirect=None, status=None)) after connection broken by 'ProtocolError('Connection aborted.', ConnectionResetError(104, 'Connection reset by peer'))': /session/03c40561feb77bb76120d32dc44d5927
2024-12-28 20:44:34,080 - WARNING - Retrying (Retry(total=1, connect=None, read=None, redirect=None, status=None)) after connection broken by 'NewConnectionError('<urllib3.connection.HTTPConnection object at 0x7f603e0dedd0>: Failed to establish a new connection: [Errno 111] Connection refused')': /session/03c40561feb77bb76120d32dc44d5927
2024-12-28 20:44:34,082 - WARNING - Retrying (Retry(total=0, connect=None, read=None, redirect=None, status=None)) after connection broken by 'NewConnectionError('<urllib3.connection.HTTPConnection object at 0x7f603e0dfb10>: Failed to establish a new connection: [Errno 111] Connection refused')': /session/03c40561feb77bb76120d32dc44d5927
2024-12-28 20:44:34,087 - INFO - Driver encerrado.
2024-12-28 20:46:32,846 - INFO - Iniciando o processo para a UF: AC
2024-12-28 20:46:33,242 - INFO - Driver configurado.
2024-12-28 20:46:33,242 - INFO - Baixando Teto MAC do AC...
2024-12-28 20:46:37,179 - INFO - Aguardando o campo de filtro de UF estar presente...
2024-12-28 20:46:37,466 - INFO - UF AC inserida no campo de filtro.
2024-12-28 20:46:40,467 - INFO - Aguardando o dropdown de seleção de quantidade de registros...
2024-12-28 20:46:40,566 - INFO - Maior opção do dropdown selecionada.
2024-12-28 20:46:45,566 - INFO - Aguardando a tabela estar presente...
2024-12-28 20:46:45,580 - INFO - Tabela encontrada.
2024-12-28 20:46:45,597 - INFO - 24 linhas encontradas na tabela.
2024-12-28 20:46:45,597 - INFO - Cabeçalhos ajustados para corresponder aos dados desejados.
2024-12-28 20:46:45,597 - INFO - Extraindo dados da tabela...
2024-12-28 20:46:45,598 - INFO - Aguardando carregamento das linhas da tabela...
2024-12-28 20:46:45,621 - INFO - 24 linhas encontradas na tabela.
2024-12-28 20:46:47,611 - INFO - Dados da tabela extraídos.
2024-12-28 20:46:47,613 - INFO - Salvando dados no arquivo JSON...
2024-12-28 20:46:47,616 - INFO - Dados salvos no arquivo MAC_UF.json.
2024-12-28 20:46:47,699 - INFO - Driver encerrado.
2024-12-28 20:47:50,127 - INFO - Iniciando o processo para a UF: BA
2024-12-28 20:47:50,570 - INFO - Driver configurado.
2024-12-28 20:47:50,570 - INFO - Baixando Teto MAC do BA...
2024-12-28 20:47:54,540 - INFO - Aguardando o campo de filtro de UF estar presente...
2024-12-28 20:47:54,689 - INFO - UF BA inserida no campo de filtro.
2024-12-28 20:47:57,690 - INFO - Aguardando o dropdown de seleção de quantidade de registros...
2024-12-28 20:47:57,784 - INFO - Maior opção do dropdown selecionada.
2024-12-28 20:48:02,785 - INFO - Aguardando a tabela estar presente...
2024-12-28 20:48:02,802 - INFO - Tabela encontrada.
2024-12-28 20:48:02,851 - INFO - 419 linhas encontradas na tabela.
2024-12-28 20:48:02,852 - INFO - Cabeçalhos ajustados para corresponder aos dados desejados.
2024-12-28 20:48:02,852 - INFO - Extraindo dados da tabela...
2024-12-28 20:48:02,852 - INFO - Aguardando carregamento das linhas da tabela...
2024-12-28 20:48:02,948 - INFO - 419 linhas encontradas na tabela.
2024-12-28 20:48:28,789 - INFO - Dados da tabela extraídos.
2024-12-28 20:48:28,790 - INFO - Salvando dados no arquivo JSON...
2024-12-28 20:48:28,827 - INFO - Dados salvos no arquivo MAC_UF.json.
2024-12-28 20:48:28,902 - INFO - Driver encerrado.
2024-12-28 20:50:02,672 - INFO - Iniciando o processo para a UF: BA
2024-12-28 20:50:03,056 - INFO - Driver configurado.
2024-12-28 20:50:03,056 - INFO - Baixando Teto MAC do BA...
2024-12-28 20:50:03,186 - WARNING - Retrying (Retry(total=2, connect=None, read=None, redirect=None, status=None)) after connection broken by 'ProtocolError('Connection aborted.', ConnectionResetError(104, 'Connection reset by peer'))': /session/5b01755fa78f47743ba223020775dc38
2024-12-28 20:50:03,187 - WARNING - Retrying (Retry(total=1, connect=None, read=None, redirect=None, status=None)) after connection broken by 'NewConnectionError('<urllib3.connection.HTTPConnection object at 0x7f2f9be234d0>: Failed to establish a new connection: [Errno 111] Connection refused')': /session/5b01755fa78f47743ba223020775dc38
2024-12-28 20:50:03,189 - WARNING - Retrying (Retry(total=0, connect=None, read=None, redirect=None, status=None)) after connection broken by 'NewConnectionError('<urllib3.connection.HTTPConnection object at 0x7f2f9be23ed0>: Failed to establish a new connection: [Errno 111] Connection refused')': /session/5b01755fa78f47743ba223020775dc38
2024-12-28 20:50:03,195 - INFO - Driver encerrado.
2024-12-28 20:51:57,473 - INFO - Iniciando o processo para a UF: BA
2024-12-28 20:51:57,932 - INFO - Driver configurado.
2024-12-28 20:51:57,932 - INFO - Baixando Teto MAC do BA...
2024-12-28 20:52:02,209 - INFO - Aguardando o campo de filtro de UF estar presente...
2024-12-28 20:52:02,363 - INFO - UF BA inserida no campo de filtro.
2024-12-28 20:53:22,728 - INFO - Iniciando o processo para a UF: AC
2024-12-28 20:53:23,110 - INFO - Driver configurado.
2024-12-28 20:53:23,110 - INFO - Baixando Teto MAC do AC...
2024-12-28 20:53:26,954 - INFO - Aguardando o campo de filtro de UF estar presente...
2024-12-28 20:53:27,147 - INFO - UF AC inserida no campo de filtro.
2024-12-28 20:53:30,148 - INFO - Aguardando o dropdown de seleção de quantidade de registros...
2024-12-28 20:53:30,247 - INFO - Maior opção do dropdown selecionada.
2024-12-28 21:07:00,250 - INFO - Iniciando o processo para a UF: AC
2024-12-28 21:07:00,630 - INFO - Driver configurado.
2024-12-28 21:07:00,630 - INFO - Baixando Teto MAC do AC...
2024-12-28 21:07:04,021 - INFO - Aguardando o campo de filtro de UF estar presente...
2024-12-28 21:07:04,166 - INFO - UF AC inserida no campo de filtro.
2024-12-28 21:07:07,166 - INFO - Aguardando o dropdown de seleção de quantidade de registros...
2024-12-28 21:07:07,260 - INFO - Maior opção do dropdown selecionada.
2024-12-28 21:07:12,261 - INFO - Aguardando a tabela estar presente...
2024-12-28 21:07:12,276 - INFO - Tabela encontrada.
2024-12-28 21:07:12,293 - INFO - 24 linhas encontradas na tabela.
2024-12-28 21:07:12,293 - INFO - Cabeçalhos ajustados para corresponder aos dados desejados.
2024-12-28 21:07:12,293 - INFO - Extraindo dados da tabela...
2024-12-28 21:07:12,293 - INFO - Aguardando carregamento das linhas da tabela...
2024-12-28 21:07:12,317 - INFO - 24 linhas encontradas na tabela.
2024-12-28 21:07:13,854 - INFO - Dados da tabela extraídos.
2024-12-28 21:07:13,854 - INFO - Salvando dados no arquivo JSON...
2024-12-28 21:07:13,857 - INFO - Dados salvos no arquivo MAC_UF.json.
2024-12-28 21:07:13,933 - INFO - Driver encerrado.
2024-12-28 21:11:17,552 - INFO - Iniciando o processo para a UF: BA
2024-12-28 21:11:17,920 - INFO - Driver configurado.
2024-12-28 21:11:17,921 - INFO - Baixando Teto MAC do BA...
2024-12-28 21:11:21,641 - INFO - Aguardando o campo de filtro de UF estar presente...
2024-12-28 21:11:21,786 - INFO - UF BA inserida no campo de filtro.
2024-12-28 21:11:24,787 - INFO - Aguardando o dropdown de seleção de quantidade de registros...
2024-12-28 21:11:24,885 - INFO - Maior opção do dropdown selecionada.
2024-12-28 21:11:29,885 - INFO - Aguardando a tabela estar presente...
2024-12-28 21:11:29,909 - INFO - Tabela encontrada.
2024-12-28 21:11:29,970 - INFO - 419 linhas encontradas na tabela.
2024-12-28 21:11:29,971 - INFO - Cabeçalhos ajustados para corresponder aos dados desejados.
2024-12-28 21:11:29,971 - INFO - Extraindo dados da tabela...
2024-12-28 21:11:29,971 - INFO - Aguardando carregamento das linhas da tabela...
2024-12-28 21:11:30,041 - INFO - 419 linhas encontradas na tabela.
2024-12-28 21:11:54,959 - INFO - Dados da tabela extraídos.
2024-12-28 21:11:54,960 - INFO - Salvando dados no arquivo JSON...
2024-12-28 21:11:55,001 - INFO - Dados salvos no arquivo MAC_UF.json.
2024-12-28 21:11:55,075 - INFO - Driver encerrado.
2024-12-28 21:31:43,106 - INFO - Iniciando o processo para a UF: BA
2024-12-28 21:31:43,465 - INFO - Driver configurado.
2024-12-28 21:31:43,466 - INFO - Baixando Teto MAC do BA...
2024-12-28 21:31:47,922 - INFO - Aguardando o campo de filtro de UF estar presente...
2024-12-28 21:31:48,066 - INFO - UF BA inserida no campo de filtro.
2024-12-28 21:31:51,067 - INFO - Aguardando o dropdown de seleção de quantidade de registros...
2024-12-28 21:31:51,177 - INFO - Maior opção do dropdown selecionada.
2024-12-28 21:31:56,177 - INFO - Aguardando a tabela estar presente...
2024-12-28 21:31:56,196 - INFO - Tabela encontrada.
2024-12-28 21:31:56,253 - INFO - 419 linhas encontradas na tabela.
2024-12-28 21:31:56,253 - INFO - Cabeçalhos ajustados para corresponder aos dados desejados.
2024-12-28 21:31:56,253 - INFO - Extraindo dados da tabela...
2024-12-28 21:31:56,254 - INFO - Aguardando carregamento das linhas da tabela...
2024-12-28 21:31:56,336 - INFO - 419 linhas encontradas na tabela.
2024-12-28 21:32:21,938 - INFO - Dados da tabela extraídos.
2024-12-28 21:32:21,938 - INFO - Salvando dados no arquivo JSON...
2024-12-28 21:32:21,980 - INFO - Dados salvos no arquivo MAC_UF.json.
2024-12-28 21:32:22,054 - INFO - Driver encerrado.
2024-12-29 19:49:33,794 - INFO - Iniciando o processo para a UF: ES
2024-12-29 19:49:34,272 - INFO - Driver configurado.
2024-12-29 19:49:34,273 - INFO - Baixando Teto MAC do ES...
2024-12-29 19:49:38,941 - INFO - Aguardando o campo de filtro de UF estar presente...
2024-12-29 19:49:39,168 - INFO - UF ES inserida no campo de filtro.
2024-12-29 19:49:42,169 - INFO - Aguardando o dropdown de seleção de quantidade de registros...
2024-12-29 19:49:42,352 - INFO - Maior opção do dropdown selecionada.
2024-12-29 19:49:47,353 - INFO - Aguardando a tabela estar presente...
2024-12-29 19:49:47,366 - INFO - Tabela encontrada.
2024-12-29 19:49:47,389 - INFO - 80 linhas encontradas na tabela.
2024-12-29 19:49:47,390 - INFO - Cabeçalhos ajustados para corresponder aos dados desejados.
2024-12-29 19:49:47,390 - INFO - Extraindo dados da tabela...
2024-12-29 19:49:47,390 - INFO - Aguardando carregamento das linhas da tabela...
2024-12-29 19:49:47,420 - INFO - 80 linhas encontradas na tabela.
2024-12-29 19:49:52,745 - INFO - Dados da tabela extraídos.
2024-12-29 19:49:52,745 - INFO - Salvando dados no arquivo JSON...
2024-12-29 19:49:52,753 - INFO - Dados salvos no arquivo MAC_UF.json.
2024-12-29 19:49:52,826 - INFO - Driver encerrado.
2024-12-29 20:37:55,727 - INFO - Iniciando o processo para a UF: ES
2024-12-29 20:37:56,156 - INFO - Driver configurado.
2024-12-29 20:37:56,156 - INFO - Baixando Teto MAC do ES...
2024-12-29 20:38:00,014 - INFO - Aguardando o campo de filtro de UF estar presente...
2024-12-29 20:38:00,173 - INFO - UF ES inserida no campo de filtro.
2024-12-29 20:38:03,173 - INFO - Aguardando o dropdown de seleção de quantidade de registros...
2024-12-29 20:38:03,291 - INFO - Maior opção do dropdown selecionada.
2024-12-29 20:38:08,292 - INFO - Aguardando a tabela estar presente...
2024-12-29 20:38:08,307 - INFO - Tabela encontrada.
2024-12-29 20:38:08,331 - INFO - 80 linhas encontradas na tabela.
2024-12-29 20:38:08,331 - INFO - Cabeçalhos ajustados para corresponder aos dados desejados.
2024-12-29 20:38:08,331 - INFO - Extraindo dados da tabela...
2024-12-29 20:38:08,331 - INFO - Aguardando carregamento das linhas da tabela...
2024-12-29 20:38:08,370 - INFO - 80 linhas encontradas na tabela.
2024-12-29 20:38:14,052 - INFO - Dados da tabela extraídos.
2024-12-29 20:38:14,053 - INFO - Salvando dados no arquivo JSON...
2024-12-29 20:38:14,061 - INFO - Dados salvos no arquivo MAC_UF.json.
2024-12-29 20:38:14,140 - INFO - Driver encerrado.
2024-12-29 20:49:32,126 - INFO - Iniciando o processo para a UF: ES
2024-12-29 20:49:32,528 - INFO - Driver configurado.
2024-12-29 20:49:32,528 - INFO - Baixando Teto MAC do ES...
2024-12-29 20:49:36,910 - INFO - Aguardando o campo de filtro de UF estar presente...
2024-12-29 20:49:37,065 - INFO - UF ES inserida no campo de filtro.
2024-12-29 20:49:40,065 - INFO - Aguardando o dropdown de seleção de quantidade de registros...
2024-12-29 20:49:40,160 - INFO - Maior opção do dropdown selecionada.
2024-12-29 20:49:45,160 - INFO - Aguardando a tabela estar presente...
2024-12-29 20:49:45,209 - INFO - Tabela encontrada.
2024-12-29 20:49:45,257 - INFO - 80 linhas encontradas na tabela.
2024-12-29 20:49:45,257 - INFO - Cabeçalhos ajustados para corresponder aos dados desejados.
2024-12-29 20:49:45,257 - INFO - Extraindo dados da tabela...
2024-12-29 20:49:45,257 - INFO - Aguardando carregamento das linhas da tabela...
2024-12-29 20:49:45,297 - INFO - 80 linhas encontradas na tabela.
2024-12-29 20:49:50,827 - INFO - Dados da tabela extraídos.
2024-12-29 20:49:50,827 - INFO - Salvando dados no arquivo JSON...
2024-12-29 20:49:50,836 - INFO - Dados salvos no arquivo MAC_UF.json.
2024-12-29 20:49:50,907 - INFO - Driver encerrado.
2024-12-29 21:43:22,716 - INFO - Iniciando o processo para a UF: PE
2024-12-29 21:43:23,164 - INFO - Driver configurado.
2024-12-29 21:43:23,164 - INFO - Baixando Teto MAC do PE...
2024-12-29 21:43:27,299 - INFO - Aguardando o campo de filtro de UF estar presente...
2024-12-29 21:43:27,461 - INFO - UF PE inserida no campo de filtro.
2024-12-29 21:43:30,462 - INFO - Aguardando o dropdown de seleção de quantidade de registros...
2024-12-29 21:43:30,637 - INFO - Maior opção do dropdown selecionada.
2024-12-29 21:43:35,637 - INFO - Aguardando a tabela estar presente...
2024-12-29 21:43:35,654 - INFO - Tabela encontrada.
2024-12-29 21:43:35,691 - INFO - 187 linhas encontradas na tabela.
2024-12-29 21:43:35,691 - INFO - Cabeçalhos ajustados para corresponder aos dados desejados.
2024-12-29 21:43:35,691 - INFO - Extraindo dados da tabela...
2024-12-29 21:43:35,691 - INFO - Aguardando carregamento das linhas da tabela...
2024-12-29 21:43:35,741 - INFO - 187 linhas encontradas na tabela.
2024-12-29 21:43:48,574 - INFO - Dados da tabela extraídos.
2024-12-29 21:43:48,574 - INFO - Salvando dados no arquivo JSON...
2024-12-29 21:43:48,592 - INFO - Dados salvos no arquivo MAC_UF.json.
2024-12-29 21:43:48,666 - INFO - Driver encerrado.
2024-12-29 21:54:17,754 - INFO - Iniciando o processo para a UF: PE
2024-12-29 21:54:18,203 - INFO - Driver configurado.
2024-12-29 21:54:18,203 - INFO - Baixando Teto MAC do PE...
2024-12-29 21:54:22,336 - INFO - Aguardando o campo de filtro de UF estar presente...
2024-12-29 21:54:22,499 - INFO - UF PE inserida no campo de filtro.
2024-12-29 21:54:25,499 - INFO - Aguardando o dropdown de seleção de quantidade de registros...
2024-12-29 21:54:25,663 - INFO - Maior opção do dropdown selecionada.
2024-12-29 21:54:30,664 - INFO - Aguardando a tabela estar presente...
2024-12-29 21:54:30,678 - INFO - Tabela encontrada.
2024-12-29 21:54:30,707 - INFO - 187 linhas encontradas na tabela.
2024-12-29 21:54:30,707 - INFO - Cabeçalhos ajustados para corresponder aos dados desejados.
2024-12-29 21:54:30,707 - INFO - Extraindo dados da tabela...
2024-12-29 21:54:30,707 - INFO - Aguardando carregamento das linhas da tabela...
2024-12-29 21:54:30,758 - INFO - 187 linhas encontradas na tabela.
2024-12-29 21:54:43,456 - INFO - Dados da tabela extraídos.
2024-12-29 21:54:43,456 - INFO - Salvando dados no arquivo JSON...
2024-12-29 21:54:43,473 - INFO - Dados salvos no arquivo MAC_UF.json.
2024-12-29 21:54:43,548 - INFO - Driver encerrado.
2024-12-29 22:15:06,867 - INFO - Iniciando o processo para a UF: PE
2024-12-29 22:15:07,317 - INFO - Driver configurado.
2024-12-29 22:15:07,318 - INFO - Baixando Teto MAC do PE...
2024-12-29 22:15:11,177 - INFO - Aguardando o campo de filtro de UF estar presente...
2024-12-29 22:15:11,339 - INFO - UF PE inserida no campo de filtro.
2024-12-29 22:15:14,339 - INFO - Aguardando o dropdown de seleção de quantidade de registros...
2024-12-29 22:15:14,437 - INFO - Maior opção do dropdown selecionada.
2024-12-29 22:15:19,437 - INFO - Aguardando a tabela estar presente...
2024-12-29 22:15:19,453 - INFO - Tabela encontrada.
2024-12-29 22:15:19,482 - INFO - 187 linhas encontradas na tabela.
2024-12-29 22:15:19,483 - INFO - Cabeçalhos ajustados para corresponder aos dados desejados.
2024-12-29 22:15:19,484 - INFO - Extraindo dados da tabela...
2024-12-29 22:15:19,484 - INFO - Aguardando carregamento das linhas da tabela...
2024-12-29 22:15:19,529 - INFO - 187 linhas encontradas na tabela.
2024-12-29 22:15:32,266 - INFO - Dados da tabela extraídos.
2024-12-29 22:15:32,267 - INFO - Salvando dados no arquivo JSON...
2024-12-29 22:15:32,284 - INFO - Dados salvos no arquivo MAC_UF.json.
2024-12-29 22:15:32,516 - INFO - Driver encerrado.
2025-01-01 19:48:48,141 - INFO - Iniciando o processo para a UF: BA
2025-01-01 19:48:48,525 - INFO - Driver configurado.
2025-01-01 19:48:48,525 - INFO - Baixando Teto MAC do BA...
2025-01-01 19:48:53,879 - INFO - Aguardando o campo de filtro de UF estar presente...
2025-01-01 19:48:54,042 - INFO - UF BA inserida no campo de filtro.
2025-01-01 19:48:57,042 - INFO - Aguardando o dropdown de seleção de quantidade de registros...
2025-01-01 19:48:57,139 - INFO - Maior opção do dropdown selecionada.
2025-01-01 19:49:02,139 - INFO - Aguardando a tabela estar presente...
2025-01-01 19:49:02,158 - INFO - Tabela encontrada.
2025-01-01 19:49:02,204 - INFO - 419 linhas encontradas na tabela.
2025-01-01 19:49:02,205 - INFO - Cabeçalhos ajustados para corresponder aos dados desejados.
2025-01-01 19:49:02,205 - INFO - Extraindo dados da tabela...
2025-01-01 19:49:02,205 - INFO - Aguardando carregamento das linhas da tabela...
2025-01-01 19:49:02,285 - INFO - 419 linhas encontradas na tabela.
2025-01-01 19:49:26,578 - INFO - Dados da tabela extraídos.
2025-01-01 19:49:26,578 - INFO - Salvando dados no arquivo JSON...
2025-01-01 19:49:26,613 - INFO - Dados salvos no arquivo MAC_UF.json.
2025-01-01 19:49:26,690 - INFO - Driver encerrado.
